TN:
SF:src\App.tsx
FN:1,(empty-report)
FNF:1
FNH:0
FNDA:0,(empty-report)
DA:1,0
DA:2,0
DA:3,0
DA:4,0
DA:5,0
DA:6,0
DA:7,0
DA:8,0
DA:9,0
DA:10,0
DA:11,0
DA:12,0
LF:12
LH:0
BRDA:1,0,0,0
BRF:1
BRH:0
end_of_record
TN:
SF:src\main.tsx
FN:1,(empty-report)
FNF:1
FNH:0
FNDA:0,(empty-report)
DA:1,0
DA:2,0
DA:3,0
DA:4,0
DA:5,0
DA:6,0
DA:7,0
DA:8,0
DA:9,0
DA:10,0
LF:10
LH:0
BRDA:1,0,0,0
BRF:1
BRH:0
end_of_record
TN:
SF:src\api\calculator.ts
FN:15,calculate
FNF:1
FNH:1
FNDA:3,calculate
DA:1,1
DA:2,1
DA:3,1
DA:4,1
DA:5,1
DA:6,1
DA:7,1
DA:8,1
DA:9,1
DA:10,1
DA:11,1
DA:12,1
DA:13,1
DA:14,1
DA:15,3
DA:16,3
DA:17,3
DA:18,3
DA:19,1
DA:20,1
DA:21,3
DA:22,3
DA:23,2
DA:24,2
DA:25,1
DA:26,1
DA:27,2
DA:28,0
DA:29,0
DA:30,1
DA:31,1
DA:32,1
DA:33,0
DA:34,0
DA:35,2
DA:36,2
DA:37,3
LF:37
LH:33
BRDA:15,0,0,3
BRDA:17,1,0,1
BRDA:18,2,0,1
BRDA:20,3,0,0
BRDA:21,4,0,0
BRDA:22,5,0,2
BRDA:24,6,0,1
BRDA:24,7,0,1
BRDA:27,8,0,0
BRDA:29,9,0,1
BRDA:32,10,0,0
BRDA:35,11,0,0
BRF:12
BRH:7
end_of_record
TN:
SF:src\pages\Calculator.tsx
FN:15,Calculator
FN:23,handleCalculate
FN:83,onChange
FN:94,onChange
FN:102,onChange
FNF:5
FNH:5
FNDA:15,Calculator
FNDA:3,handleCalculate
FNDA:3,onChange
FNDA:2,onChange
FNDA:1,onChange
DA:1,1
DA:2,1
DA:3,1
DA:4,1
DA:5,1
DA:6,1
DA:7,1
DA:8,1
DA:9,1
DA:10,1
DA:11,1
DA:12,1
DA:13,1
DA:14,1
DA:15,15
DA:16,15
DA:17,15
DA:18,15
DA:19,15
DA:20,15
DA:21,15
DA:22,15
DA:23,15
DA:24,3
DA:25,3
DA:26,3
DA:27,3
DA:28,0
DA:29,0
DA:30,0
DA:31,3
DA:32,3
DA:33,3
DA:34,0
DA:35,0
DA:36,0
DA:37,3
DA:38,3
DA:39,3
DA:40,3
DA:41,1
DA:42,1
DA:43,1
DA:44,2
DA:45,3
DA:46,0
DA:47,0
DA:48,0
DA:49,3
DA:50,2
DA:51,3
DA:52,0
DA:53,0
DA:54,0
DA:55,2
DA:56,3
DA:57,0
DA:58,0
DA:59,0
DA:60,2
DA:61,2
DA:62,2
DA:63,2
DA:64,1
DA:65,1
DA:66,1
DA:67,3
DA:68,2
DA:69,2
DA:70,3
DA:71,15
DA:72,15
DA:73,15
DA:74,15
DA:75,15
DA:76,15
DA:77,15
DA:78,15
DA:79,15
DA:80,15
DA:81,15
DA:82,15
DA:83,15
DA:84,15
DA:85,15
DA:86,15
DA:87,15
DA:88,15
DA:89,15
DA:90,15
DA:91,15
DA:92,15
DA:93,15
DA:94,15
DA:95,15
DA:96,15
DA:97,15
DA:98,15
DA:99,15
DA:100,15
DA:101,15
DA:102,15
DA:103,15
DA:104,98
DA:105,98
DA:106,98
DA:107,15
DA:108,15
DA:109,15
DA:110,15
DA:111,15
DA:112,15
DA:113,15
DA:114,15
DA:115,15
DA:116,15
DA:117,15
DA:118,15
DA:119,15
DA:120,15
DA:121,15
DA:122,15
DA:123,15
LF:123
LH:108
BRDA:15,0,0,15
BRDA:96,1,0,0
BRDA:96,2,0,14
BRDA:113,3,0,2
BRDA:113,4,0,12
BRDA:118,5,0,2
BRDA:119,6,0,1
BRDA:23,7,0,3
BRDA:27,8,0,0
BRDA:33,9,0,0
BRDA:40,10,0,1
BRDA:43,11,0,2
BRDA:45,12,0,0
BRDA:49,13,0,2
BRDA:51,14,0,0
BRDA:51,15,0,0
BRDA:54,16,0,2
BRDA:56,17,0,0
BRDA:56,18,0,0
BRDA:59,19,0,2
BRDA:63,20,0,1
BRDA:66,21,0,0
BRDA:67,22,0,2
BRDA:83,23,0,3
BRDA:94,24,0,2
BRDA:102,25,0,1
BRDA:103,26,0,98
BRF:27
BRH:18
end_of_record
