TN:
SF:src\App.tsx
FN:1,(empty-report)
FNF:1
FNH:0
FNDA:0,(empty-report)
DA:1,0
DA:2,0
DA:3,0
DA:4,0
DA:5,0
DA:6,0
DA:7,0
DA:8,0
DA:9,0
DA:10,0
DA:11,0
DA:12,0
LF:12
LH:0
BRDA:1,0,0,0
BRF:1
BRH:0
end_of_record
TN:
SF:src\main.tsx
FN:1,(empty-report)
FNF:1
FNH:0
FNDA:0,(empty-report)
DA:1,0
DA:2,0
DA:3,0
DA:4,0
DA:5,0
DA:6,0
DA:7,0
DA:8,0
DA:9,0
DA:10,0
LF:10
LH:0
BRDA:1,0,0,0
BRF:1
BRH:0
end_of_record
TN:
SF:src\api\calculator.ts
FN:15,calculate
FNF:1
FNH:1
FNDA:3,calculate
DA:1,1
DA:2,1
DA:3,1
DA:4,1
DA:5,1
DA:6,1
DA:7,1
DA:8,1
DA:9,1
DA:10,1
DA:11,1
DA:12,1
DA:13,1
DA:14,1
DA:15,3
DA:16,3
DA:17,3
DA:18,3
DA:19,1
DA:20,1
DA:21,3
DA:22,3
DA:23,2
DA:24,2
DA:25,1
DA:26,1
DA:27,2
DA:28,0
DA:29,0
DA:30,1
DA:31,1
DA:32,1
DA:33,0
DA:34,0
DA:35,2
DA:36,2
DA:37,3
LF:37
LH:33
BRDA:15,0,0,3
BRDA:17,1,0,1
BRDA:18,2,0,1
BRDA:20,3,0,0
BRDA:21,4,0,0
BRDA:22,5,0,2
BRDA:24,6,0,1
BRDA:24,7,0,1
BRDA:27,8,0,0
BRDA:29,9,0,1
BRDA:32,10,0,0
BRDA:35,11,0,0
BRF:12
BRH:7
end_of_record
TN:
SF:src\pages\Calculator.tsx
FN:7,Calculator
FN:27,onClick
FN:28,onClick
FN:39,LegacyForm
FN:57,handleCalculate
FN:115,onChange
FN:126,onChange
FN:134,onChange
FNF:8
FNH:6
FNDA:4,Calculator
FNDA:0,onClick
FNDA:0,onClick
FNDA:15,LegacyForm
FNDA:3,handleCalculate
FNDA:3,onChange
FNDA:2,onChange
FNDA:1,onChange
DA:1,1
DA:2,1
DA:3,1
DA:4,1
DA:5,1
DA:6,1
DA:7,4
DA:8,4
DA:9,4
DA:10,4
DA:11,4
DA:12,4
DA:13,4
DA:14,4
DA:15,4
DA:16,4
DA:17,4
DA:18,4
DA:19,4
DA:20,4
DA:21,4
DA:22,4
DA:23,4
DA:24,4
DA:25,4
DA:26,4
DA:27,4
DA:28,4
DA:29,4
DA:30,4
DA:31,4
DA:32,4
DA:33,4
DA:34,4
DA:35,4
DA:36,4
DA:37,4
DA:38,1
DA:39,15
DA:40,15
DA:41,15
DA:42,15
DA:43,15
DA:44,15
DA:45,15
DA:46,15
DA:47,15
DA:48,15
DA:49,15
DA:50,15
DA:51,15
DA:52,15
DA:53,15
DA:54,15
DA:55,15
DA:56,15
DA:57,15
DA:58,3
DA:59,3
DA:60,3
DA:61,3
DA:62,0
DA:63,0
DA:64,0
DA:65,3
DA:66,3
DA:67,3
DA:68,0
DA:69,0
DA:70,0
DA:71,3
DA:72,3
DA:73,3
DA:74,3
DA:75,1
DA:76,1
DA:77,1
DA:78,2
DA:79,3
DA:80,0
DA:81,0
DA:82,0
DA:83,3
DA:84,2
DA:85,3
DA:86,0
DA:87,0
DA:88,0
DA:89,2
DA:90,3
DA:91,0
DA:92,0
DA:93,0
DA:94,2
DA:95,2
DA:96,2
DA:97,2
DA:98,1
DA:99,1
DA:100,1
DA:101,3
DA:102,2
DA:103,2
DA:104,3
DA:105,15
DA:106,15
DA:107,15
DA:108,15
DA:109,15
DA:110,15
DA:111,15
DA:112,15
DA:113,15
DA:114,15
DA:115,15
DA:116,15
DA:117,15
DA:118,15
DA:119,15
DA:120,15
DA:121,15
DA:122,15
DA:123,15
DA:124,15
DA:125,15
DA:126,15
DA:127,15
DA:128,15
DA:129,15
DA:130,15
DA:131,15
DA:132,15
DA:133,15
DA:134,15
DA:135,15
DA:136,98
DA:137,98
DA:138,98
DA:139,15
DA:140,15
DA:141,15
DA:142,15
DA:143,15
DA:144,15
DA:145,15
DA:146,15
DA:147,15
DA:148,15
DA:149,15
DA:150,15
DA:151,15
DA:152,15
DA:153,15
DA:154,15
DA:155,15
LF:155
LH:140
BRDA:7,0,0,4
BRDA:18,1,0,0
BRDA:18,2,0,3
BRDA:18,3,0,3
BRDA:18,4,0,0
BRDA:22,5,0,0
BRDA:22,6,0,3
BRDA:22,7,0,0
BRDA:22,8,0,3
BRDA:39,9,0,15
BRDA:128,10,0,0
BRDA:128,11,0,14
BRDA:145,12,0,2
BRDA:145,13,0,12
BRDA:150,14,0,2
BRDA:151,15,0,1
BRDA:57,16,0,3
BRDA:61,17,0,0
BRDA:67,18,0,0
BRDA:74,19,0,1
BRDA:77,20,0,2
BRDA:79,21,0,0
BRDA:83,22,0,2
BRDA:85,23,0,0
BRDA:85,24,0,0
BRDA:88,25,0,2
BRDA:90,26,0,0
BRDA:90,27,0,0
BRDA:93,28,0,2
BRDA:97,29,0,1
BRDA:100,30,0,0
BRDA:101,31,0,2
BRDA:115,32,0,3
BRDA:126,33,0,2
BRDA:134,34,0,1
BRDA:135,35,0,98
BRF:36
BRH:23
end_of_record
TN:
SF:src\pages\ModernCalculator.tsx
FN:8,ModernCalculator
FN:14,inputDigit
FN:23,inputDot
FN:32,clear
FN:40,chooseOp
FN:53,compute
FN:64,equals
FN:75,handleSqrt
FN:90,handlePercent
FN:107,onClick
FN:110,onClick
FN:111,onClick
FN:112,onClick
FN:113,onClick
FN:114,onClick
FN:115,onClick
FN:116,onClick
FN:117,onClick
FN:118,onClick
FN:119,onClick
FN:120,onClick
FN:121,onClick
FN:122,onClick
FN:123,onClick
FNF:24
FNH:10
FNDA:14,ModernCalculator
FNDA:3,inputDigit
FNDA:0,inputDot
FNDA:0,clear
FNDA:2,chooseOp
FNDA:2,compute
FNDA:2,equals
FNDA:1,handleSqrt
FNDA:0,handlePercent
FNDA:1,onClick
FNDA:0,onClick
FNDA:0,onClick
FNDA:0,onClick
FNDA:0,onClick
FNDA:0,onClick
FNDA:0,onClick
FNDA:0,onClick
FNDA:0,onClick
FNDA:1,onClick
FNDA:1,onClick
FNDA:2,onClick
FNDA:0,onClick
FNDA:0,onClick
FNDA:0,onClick
DA:1,1
DA:2,1
DA:3,1
DA:4,1
DA:5,1
DA:6,1
DA:7,1
DA:8,14
DA:9,14
DA:10,14
DA:11,14
DA:12,14
DA:13,14
DA:14,14
DA:15,3
DA:16,0
DA:17,0
DA:18,0
DA:19,0
DA:20,3
DA:21,3
DA:22,14
DA:23,14
DA:24,0
DA:25,0
DA:26,0
DA:27,0
DA:28,0
DA:29,0
DA:30,0
DA:31,14
DA:32,14
DA:33,0
DA:34,0
DA:35,0
DA:36,0
DA:37,0
DA:38,0
DA:39,14
DA:40,14
DA:41,2
DA:42,0
DA:43,0
DA:44,0
DA:45,2
DA:46,2
DA:47,2
DA:48,2
DA:49,2
DA:50,2
DA:51,2
DA:52,14
DA:53,14
DA:54,2
DA:55,2
DA:56,2
DA:57,2
DA:58,2
DA:59,2
DA:60,2
DA:61,0
DA:62,2
DA:63,14
DA:64,14
DA:65,2
DA:66,2
DA:67,2
DA:68,2
DA:69,2
DA:70,2
DA:71,2
DA:72,2
DA:73,2
DA:74,14
DA:75,14
DA:76,1
DA:77,1
DA:78,1
DA:79,1
DA:80,1
DA:81,1
DA:82,0
DA:83,0
DA:84,0
DA:85,0
DA:86,0
DA:87,0
DA:88,1
DA:89,14
DA:90,14
DA:91,0
DA:92,0
DA:93,0
DA:94,0
DA:95,0
DA:96,0
DA:97,0
DA:98,0
DA:99,14
DA:100,14
DA:101,14
DA:102,14
DA:103,14
DA:104,14
DA:105,14
DA:106,14
DA:107,14
DA:108,14
DA:109,14
DA:110,14
DA:111,14
DA:112,14
DA:113,14
DA:114,14
DA:115,14
DA:116,14
DA:117,14
DA:118,14
DA:119,14
DA:120,14
DA:121,14
DA:122,14
DA:123,14
DA:124,14
DA:125,14
DA:126,14
DA:127,14
DA:128,14
DA:129,14
DA:130,14
DA:131,14
LF:131
LH:96
BRDA:8,0,0,14
BRDA:14,1,0,3
BRDA:15,2,0,0
BRDA:20,3,0,3
BRDA:20,4,0,0
BRDA:40,5,0,2
BRDA:41,6,0,0
BRDA:41,7,0,0
BRDA:53,8,0,2
BRDA:55,9,0,0
BRDA:56,10,0,1
BRDA:57,11,0,0
BRDA:58,12,0,0
BRDA:59,13,0,1
BRDA:60,14,0,0
BRDA:64,15,0,2
BRDA:71,16,0,0
BRDA:75,17,0,1
BRDA:79,18,0,0
BRDA:81,19,0,0
BRDA:107,20,0,1
BRDA:118,21,0,1
BRDA:119,22,0,1
BRDA:120,23,0,2
BRF:24
BRH:13
end_of_record
TN:
SF:src\pages\TraditionalCalculator.tsx
FN:7,TraditionalCalculator
FN:13,clear
FN:20,inputDigit
FN:32,inputDot
FN:41,chooseOp
FN:63,compute
FN:74,equals
FN:85,handleSqrt
FN:101,handlePercent
FN:118,onClick
FN:123,onClick
FN:124,onClick
FN:125,onClick
FN:126,onClick
FN:127,onClick
FNF:15
FNH:10
FNDA:18,TraditionalCalculator
FNDA:0,clear
FNDA:5,inputDigit
FNDA:0,inputDot
FNDA:2,chooseOp
FNDA:2,compute
FNDA:2,equals
FNDA:1,handleSqrt
FNDA:1,handlePercent
FNDA:5,onClick
FNDA:1,onClick
FNDA:1,onClick
FNDA:0,onClick
FNDA:0,onClick
FNDA:0,onClick
DA:1,1
DA:2,1
DA:3,1
DA:4,1
DA:5,1
DA:6,1
DA:7,18
DA:8,18
DA:9,18
DA:10,18
DA:11,18
DA:12,18
DA:13,18
DA:14,0
DA:15,0
DA:16,0
DA:17,0
DA:18,0
DA:19,18
DA:20,18
DA:21,5
DA:22,0
DA:23,0
DA:24,0
DA:25,0
DA:26,0
DA:27,0
DA:28,0
DA:29,5
DA:30,5
DA:31,18
DA:32,18
DA:33,0
DA:34,0
DA:35,0
DA:36,0
DA:37,0
DA:38,0
DA:39,0
DA:40,18
DA:41,18
DA:42,2
DA:43,0
DA:44,0
DA:45,0
DA:46,0
DA:47,0
DA:48,0
DA:49,0
DA:50,2
DA:51,2
DA:52,0
DA:53,0
DA:54,0
DA:55,2
DA:56,2
DA:57,2
DA:58,2
DA:59,2
DA:60,2
DA:61,2
DA:62,18
DA:63,18
DA:64,2
DA:65,2
DA:66,2
DA:67,2
DA:68,2
DA:69,2
DA:70,2
DA:71,0
DA:72,2
DA:73,18
DA:74,18
DA:75,2
DA:76,2
DA:77,2
DA:78,2
DA:79,2
DA:80,2
DA:81,2
DA:82,2
DA:83,2
DA:84,18
DA:85,18
DA:86,1
DA:87,1
DA:88,1
DA:89,0
DA:90,0
DA:91,0
DA:92,0
DA:93,0
DA:94,0
DA:95,1
DA:96,1
DA:97,1
DA:98,1
DA:99,1
DA:100,18
DA:101,18
DA:102,1
DA:103,1
DA:104,1
DA:105,1
DA:106,1
DA:107,1
DA:108,18
DA:109,18
DA:110,18
DA:111,18
DA:112,18
DA:113,18
DA:114,18
DA:115,204
DA:116,17
DA:117,187
DA:118,187
DA:119,18
DA:120,18
DA:121,18
DA:122,18
DA:123,18
DA:124,18
DA:125,18
DA:126,18
DA:127,18
DA:128,18
DA:129,18
DA:130,18
DA:131,18
DA:132,18
DA:133,18
DA:134,18
DA:135,18
LF:135
LH:99
BRDA:7,0,0,18
BRDA:20,1,0,5
BRDA:21,2,0,0
BRDA:29,3,0,5
BRDA:29,4,0,4
BRDA:29,5,0,1
BRDA:41,6,0,2
BRDA:42,7,0,0
BRDA:51,8,0,0
BRDA:51,9,0,0
BRDA:63,10,0,2
BRDA:65,11,0,1
BRDA:66,12,0,1
BRDA:67,13,0,0
BRDA:68,14,0,0
BRDA:69,15,0,0
BRDA:70,16,0,0
BRDA:74,17,0,2
BRDA:81,18,0,0
BRDA:85,19,0,1
BRDA:88,20,0,0
BRDA:97,21,0,0
BRDA:101,22,0,1
BRDA:106,23,0,0
BRDA:114,24,0,204
BRDA:115,25,0,17
BRDA:116,26,0,187
BRDA:118,27,0,5
BRDA:118,28,0,0
BRDA:123,29,0,1
BRDA:124,30,0,1
BRF:31
BRH:18
end_of_record
